DummyClient.obj : error LNK2019: "public: static void * __cdecl PoolAllocator::Alloc(int)" (?Alloc@PoolAllocator@@SAPEAXH@Z)"class ClientService * __cdecl xnew<class ClientService,class NetAddress,class std::shared_ptr<class IocpCore>,class `int __cdecl main(void)'::`2'::<lambda_1>,int>(class NetAddress &&,class std::shared_ptr<class IocpCore> &&,class `int __cdecl main(void)'::`2'::<lambda_1> &&,int &&)" (??$xnew@VClientService@@VNetAddress@@V?$shared_ptr@VIocpCore@@@std@@V<lambda_1>@?1??main@@YAHXZ@H@@YAPEAVClientService@@$$QEAVNetAddress@@$$QEAV?$shared_ptr@VIocpCore@@@std@@$$QEAV<lambda_1>@?1??main@@YAHXZ@$$QEAH@Z) 함수에서 참조되는 확인할 수 없는 외부 기호
DummyClient.obj : error LNK2019: "public: static void __cdecl PoolAllocator::Release(void *)" (?Release@PoolAllocator@@SAXPEAX@Z)"void __cdecl xdelete<class ClientService>(class ClientService *)" (??$xdelete@VClientService@@@@YAXPEAVClientService@@@Z) 함수에서 참조되는 확인할 수 없는 외부 기호
DummyClient.obj : error LNK2019: "public: __cdecl NetAddress::NetAddress(class std::basic_string<wchar_t,struct std::char_traits<wchar_t>,class std::allocator<wchar_t> >,unsigned short)" (??0NetAddress@@QEAA@V?$basic_string@_WU?$char_traits@_W@std@@V?$allocator@_W@2@@std@@G@Z)main 함수에서 참조되는 확인할 수 없는 외부 기호
DummyClient.obj : error LNK2019: "public: static void __cdecl SocketUtils::Init(void)" (?Init@SocketUtils@@SAXXZ)main 함수에서 참조되는 확인할 수 없는 외부 기호
DummyClient.obj : error LNK2019: "public: __cdecl SendBuffer::SendBuffer(int)" (??0SendBuffer@@QEAA@H@Z)"void __cdecl std::_Construct_in_place<class SendBuffer,unsigned short const &>(class SendBuffer &,unsigned short const &)" (??$_Construct_in_place@VSendBuffer@@AEBG@std@@YAXAEAVSendBuffer@@AEBG@Z) 함수에서 참조되는 확인할 수 없는 외부 기호
DummyClient.obj : error LNK2019: "public: __cdecl SendBuffer::~SendBuffer(void)" (??1SendBuffer@@QEAA@XZ)"public: void * __cdecl SendBuffer::`scalar deleting destructor'(unsigned int)" (??_GSendBuffer@@QEAAPEAXI@Z) 함수에서 참조되는 확인할 수 없는 외부 기호
DummyClient.obj : error LNK2019: "public: void __cdecl SendBuffer::Close(unsigned int)" (?Close@SendBuffer@@QEAAXI@Z)"public: static class std::shared_ptr<class SendBuffer> __cdecl ClientPacketHandler::MakeSendBuffer<class Protocol::C_CHAT>(class Protocol::C_CHAT &,enum Protocol::PacketId)" (??$MakeSendBuffer@VC_CHAT@Protocol@@@ClientPacketHandler@@SA?AV?$shared_ptr@VSendBuffer@@@std@@AEAVC_CHAT@Protocol@@W4PacketId@4@@Z) 함수에서 참조되는 확인할 수 없는 외부 기호
DummyClient.obj : error LNK2019: "public: __cdecl IocpCore::IocpCore(void)" (??0IocpCore@@QEAA@XZ)"class IocpCore * __cdecl xnew<class IocpCore>(void)" (??$xnew@VIocpCore@@$$V@@YAPEAVIocpCore@@XZ) 함수에서 참조되는 확인할 수 없는 외부 기호
DummyClient.obj : error LNK2019: "public: __cdecl IocpCore::~IocpCore(void)" (??1IocpCore@@QEAA@XZ)"public: void * __cdecl IocpCore::`scalar deleting destructor'(unsigned int)" (??_GIocpCore@@QEAAPEAXI@Z) 함수에서 참조되는 확인할 수 없는 외부 기호
DummyClient.obj : error LNK2019: "public: bool __cdecl IocpCore::Dispatch(unsigned int)" (?Dispatch@IocpCore@@QEAA_NI@Z)"public: __cdecl `int __cdecl main(void)'::`17'::<lambda_2>::operator()(void)const " (??R<lambda_2>@?BB@??main@@YAHXZ@QEBA@XZ) 함수에서 참조되는 확인할 수 없는 외부 기호
DummyClient.obj : error LNK2019: "public: void __cdecl Session::Send(class std::shared_ptr<class SendBuffer>)" (?Send@Session@@QEAAXV?$shared_ptr@VSendBuffer@@@std@@@Z)"public: virtual void __cdecl ServerSession::OnConnected(void)" (?OnConnected@ServerSession@@UEAAXXZ) 함수에서 참조되는 확인할 수 없는 외부 기호
DummyClient.obj : error LNK2001: 확인할 수 없는 외부 기호 "public: virtual void * __cdecl Session::GetHandle(void)" (?GetHandle@Session@@UEAAPEAXXZ)
DummyClient.obj : error LNK2001: 확인할 수 없는 외부 기호 "public: virtual void __cdecl Session::Dispatch(struct IocpEvent *,int)" (?Dispatch@Session@@UEAAXPEAUIocpEvent@@H@Z)
DummyClient.obj : error LNK2019: "public: __cdecl PacketSession::PacketSession(void)" (??0PacketSession@@QEAA@XZ)"public: __cdecl ServerSession::ServerSession(void)" (??0ServerSession@@QEAA@XZ) 함수에서 참조되는 확인할 수 없는 외부 기호
DummyClient.obj : error LNK2019: "public: virtual __cdecl PacketSession::~PacketSession(void)" (??1PacketSession@@UEAA@XZ)"public: virtual __cdecl ServerSession::~ServerSession(void)" (??1ServerSession@@UEAA@XZ) 함수에서 참조되는 확인할 수 없는 외부 기호
DummyClient.obj : error LNK2001: 확인할 수 없는 외부 기호 "protected: virtual int __cdecl PacketSession::OnRecv(unsigned char *,int)" (?OnRecv@PacketSession@@MEAAHPEAEH@Z)
DummyClient.obj : error LNK2019: "public: void __cdecl ThreadManager::Launch(class std::function<void __cdecl(void)>)" (?Launch@ThreadManager@@QEAAXV?$function@$$A6AXXZ@std@@@Z)main 함수에서 참조되는 확인할 수 없는 외부 기호
DummyClient.obj : error LNK2019: "public: void __cdecl ThreadManager::Join(void)" (?Join@ThreadManager@@QEAAXXZ)main 함수에서 참조되는 확인할 수 없는 외부 기호
DummyClient.obj : error LNK2019: "public: void __cdecl Service::Broadcast(class std::shared_ptr<class SendBuffer>)" (?Broadcast@Service@@QEAAXV?$shared_ptr@VSendBuffer@@@std@@@Z)main 함수에서 참조되는 확인할 수 없는 외부 기호
DummyClient.obj : error LNK2019: "public: __cdecl ClientService::ClientService(class NetAddress,class std::shared_ptr<class IocpCore>,class std::function<class std::shared_ptr<class Session> __cdecl(void)>,int)" (??0ClientService@@QEAA@VNetAddress@@V?$shared_ptr@VIocpCore@@@std@@V?$function@$$A6A?AV?$shared_ptr@VSession@@@std@@XZ@3@H@Z)"class ClientService * __cdecl xnew<class ClientService,class NetAddress,class std::shared_ptr<class IocpCore>,class `int __cdecl main(void)'::`2'::<lambda_1>,int>(class NetAddress &&,class std::shared_ptr<class IocpCore> &&,class `int __cdecl main(void)'::`2'::<lambda_1> &&,int &&)" (??$xnew@VClientService@@VNetAddress@@V?$shared_ptr@VIocpCore@@@std@@V<lambda_1>@?1??main@@YAHXZ@H@@YAPEAVClientService@@$$QEAVNetAddress@@$$QEAV?$shared_ptr@VIocpCore@@@std@@$$QEAV<lambda_1>@?1??main@@YAHXZ@$$QEAH@Z) 함수에서 참조되는 확인할 수 없는 외부 기호
DummyClient.obj : error LNK2001: 확인할 수 없는 외부 기호 "class ThreadManager * GThreadManager" (?GThreadManager@@3PEAVThreadManager@@EA)
Protocol.pb.obj : error LNK2001: 확인할 수 없는 외부 기호 "class google::protobuf::internal::ExplicitlyConstructed<class std::basic_string<char,struct std::char_traits<char>,class std::allocator<char> >,8> google::protobuf::internal::fixed_address_empty_string" (?fixed_address_empty_string@internal@protobuf@google@@3V?$ExplicitlyConstructed@V?$basic_string@DU?$char_traits@D@std@@V?$allocator@D@2@@std@@$07@123@A)
Struct.pb.obj : error LNK2001: 확인할 수 없는 외부 기호 "class google::protobuf::internal::ExplicitlyConstructed<class std::basic_string<char,struct std::char_traits<char>,class std::allocator<char> >,8> google::protobuf::internal::fixed_address_empty_string" (?fixed_address_empty_string@internal@protobuf@google@@3V?$ExplicitlyConstructed@V?$basic_string@DU?$char_traits@D@std@@V?$allocator@D@2@@std@@$07@123@A)
C:\Users\User\Documents\GitHub\Practice-Iocp\Binaries\x64\DummyClient.exe : fatal error LNK1120: 22개의 확인할 수 없는 외부 참조입니다.
