c:\users\user\documents\github\practice-iocp\server\x64\debug\server.pch
c:\users\user\documents\github\practice-iocp\server\x64\debug\vc143.pdb
c:\users\user\documents\github\practice-iocp\server\x64\debug\vc143.idb
c:\users\user\documents\github\practice-iocp\server\x64\debug\pch.obj
c:\users\user\documents\github\practice-iocp\server\x64\debug\struct.pb.obj
c:\users\user\documents\github\practice-iocp\server\x64\debug\protocol.pb.obj
c:\users\user\documents\github\practice-iocp\server\x64\debug\enum.pb.obj
c:\users\user\documents\github\practice-iocp\server\x64\debug\utils.obj
c:\users\user\documents\github\practice-iocp\server\x64\debug\serverpackethandler.obj
c:\users\user\documents\github\practice-iocp\server\x64\debug\server.obj
c:\users\user\documents\github\practice-iocp\server\x64\debug\room.obj
c:\users\user\documents\github\practice-iocp\server\x64\debug\player.obj
c:\users\user\documents\github\practice-iocp\server\x64\debug\objectutils.obj
c:\users\user\documents\github\practice-iocp\server\x64\debug\gamesessionmanager.obj
c:\users\user\documents\github\practice-iocp\server\x64\debug\gamesession.obj
c:\users\user\documents\github\practice-iocp\binaries\x64\server.pdb
c:\users\user\documents\github\practice-iocp\server\x64\debug\server.tlog\cl.command.1.tlog
c:\users\user\documents\github\practice-iocp\server\x64\debug\server.tlog\cl.read.1.tlog
c:\users\user\documents\github\practice-iocp\server\x64\debug\server.tlog\cl.write.1.tlog
c:\users\user\documents\github\practice-iocp\server\x64\debug\server.tlog\link-cvtres.read.1.tlog
c:\users\user\documents\github\practice-iocp\server\x64\debug\server.tlog\link-cvtres.write.1.tlog
c:\users\user\documents\github\practice-iocp\server\x64\debug\server.tlog\link-rc.read.1.tlog
c:\users\user\documents\github\practice-iocp\server\x64\debug\server.tlog\link-rc.write.1.tlog
c:\users\user\documents\github\practice-iocp\server\x64\debug\server.tlog\link.command.1.tlog
c:\users\user\documents\github\practice-iocp\server\x64\debug\server.tlog\link.read.1.tlog
c:\users\user\documents\github\practice-iocp\server\x64\debug\server.tlog\link.read.2.tlog
c:\users\user\documents\github\practice-iocp\server\x64\debug\server.tlog\link.read.3.tlog
c:\users\user\documents\github\practice-iocp\server\x64\debug\server.tlog\link.read.4.tlog
c:\users\user\documents\github\practice-iocp\server\x64\debug\server.tlog\link.read.5.tlog
c:\users\user\documents\github\practice-iocp\server\x64\debug\server.tlog\link.write.1.tlog
