c:\users\user\documents\github\practice-iocp\loginserver\x64\debug\loginserver.pch
c:\users\user\documents\github\practice-iocp\loginserver\x64\debug\vc143.pdb
c:\users\user\documents\github\practice-iocp\loginserver\x64\debug\vc143.idb
c:\users\user\documents\github\practice-iocp\loginserver\x64\debug\pch.obj
c:\users\user\documents\github\practice-iocp\loginserver\x64\debug\struct.pb.obj
c:\users\user\documents\github\practice-iocp\loginserver\x64\debug\protocol.pb.obj
c:\users\user\documents\github\practice-iocp\loginserver\x64\debug\enum.pb.obj
c:\users\user\documents\github\practice-iocp\loginserver\x64\debug\utils.obj
c:\users\user\documents\github\practice-iocp\loginserver\x64\debug\objectutils.obj
c:\users\user\documents\github\practice-iocp\loginserver\x64\debug\loginserver.obj
c:\users\user\documents\github\practice-iocp\loginserver\x64\debug\loginsession.obj
c:\users\user\documents\github\practice-iocp\loginserver\x64\debug\loginserverpackethandler.obj
c:\users\user\documents\github\practice-iocp\binaries\x64\loginserver.pdb
c:\users\user\documents\github\practice-iocp\loginserver\x64\debug\loginserver.tlog\cl.command.1.tlog
c:\users\user\documents\github\practice-iocp\loginserver\x64\debug\loginserver.tlog\cl.read.1.tlog
c:\users\user\documents\github\practice-iocp\loginserver\x64\debug\loginserver.tlog\cl.write.1.tlog
c:\users\user\documents\github\practice-iocp\loginserver\x64\debug\loginserver.tlog\link-cvtres.read.1.tlog
c:\users\user\documents\github\practice-iocp\loginserver\x64\debug\loginserver.tlog\link-cvtres.write.1.tlog
c:\users\user\documents\github\practice-iocp\loginserver\x64\debug\loginserver.tlog\link-rc.read.1.tlog
c:\users\user\documents\github\practice-iocp\loginserver\x64\debug\loginserver.tlog\link-rc.write.1.tlog
c:\users\user\documents\github\practice-iocp\loginserver\x64\debug\loginserver.tlog\link.command.1.tlog
c:\users\user\documents\github\practice-iocp\loginserver\x64\debug\loginserver.tlog\link.read.1.tlog
c:\users\user\documents\github\practice-iocp\loginserver\x64\debug\loginserver.tlog\link.read.2.tlog
c:\users\user\documents\github\practice-iocp\loginserver\x64\debug\loginserver.tlog\link.read.3.tlog
c:\users\user\documents\github\practice-iocp\loginserver\x64\debug\loginserver.tlog\link.read.4.tlog
c:\users\user\documents\github\practice-iocp\loginserver\x64\debug\loginserver.tlog\link.write.1.tlog
