C:\Program Files\Microsoft Visual Studio\2022\Community\MSBuild\Microsoft\VC\v170\Microsoft.CppBuild.targets(517,5): warning MSB8004: Output 디렉터리가 슬래시로 끝나지 않습니다. Output 디렉터리의 적절한 평가를 허용하는 데 필요하므로 이 빌드 인스턴스에서 슬래시를 추가합니다.
  pch.cpp
  Allocator.cpp
  BufferReader.cpp
  BufferWriter.cpp
  CoreGlobal.cpp
  CoreMacro.cpp
  CorePch.cpp
  CoreTLS.cpp
  DBConnection.cpp
  DBConnectionPool.cpp
  GlobalQueue.cpp
  IocpCore.cpp
  IocpEvent.cpp
  Job.cpp
  JobQueue.cpp
  JobTimer.cpp
  Listener.cpp
  LockQueue.cpp
  Memory.cpp
  MemoryPool.cpp
  NetAddress.cpp
  코드를 생성하고 있습니다...
C:\Users\User\Documents\GitHub\Practice-Iocp\ServerCore\DBConnection.h(43): warning C4715: 'DBConnection::Select<char const *,char const *,char const *>': 모든 제어 경로에서 값을 반환하지는 않습니다.
C:\Users\User\Documents\GitHub\Practice-Iocp\ServerCore\DBConnection.h(29): warning C4715: 'DBConnection::GetTable': 모든 제어 경로에서 값을 반환하지는 않습니다.
  컴파일하고 있습니다...
  RecvBuffer.cpp
  RefCounting.cpp
  SendBuffer.cpp
  Service.cpp
  Session.cpp
  SocketUtils.cpp
  ThreadManager.cpp
  코드를 생성하고 있습니다...
  ServerCore.vcxproj -> C:\Users\User\Documents\GitHub\Practice-Iocp\Libraries\Libs\ServerCore\Debug\ServerCore.lib
